<?xml version="1.0" encoding="UTF-8"?>
<!-- Generated by org.testng.reporters.JUnitReportReporter -->
<testsuite hostname="DESKTOP-1P62PCE" failures="0" tests="3" name="TestngAnnotation.TestngAnnotations" time="0.042" errors="0" timestamp="2022-01-09T20:23:34 IST" skipped="0">
  <testcase classname="TestngAnnotation.TestngAnnotations" name="method" time="0.036"/>
  <system-out/>
  <testcase classname="TestngAnnotation.TestngAnnotations" name="method2" time="0.002"/>
  <system-out/>
  <testcase classname="TestngAnnotation.TestngAnnotations" name="method3" time="0.004"/>
  <system-out/>
</testsuite> <!-- TestngAnnotation.TestngAnnotations -->
