<?xml version="1.0" encoding="UTF-8"?>
<!-- Generated by org.testng.reporters.JUnitReportReporter -->
<testsuite hostname="DESKTOP-1P62PCE" failures="0" tests="4" name="datadriven.datadrivenwithtestng" time="17.176" errors="0" timestamp="2022-01-12T15:05:19 IST" skipped="0">
  <testcase classname="datadriven.datadrivenwithtestng" name="registration" time="2.794"/>
  <system-out/>
  <testcase classname="datadriven.datadrivenwithtestng" name="registration" time="9.789"/>
  <system-out/>
  <testcase classname="datadriven.datadrivenwithtestng" name="registration" time="2.058"/>
  <system-out/>
  <testcase classname="datadriven.datadrivenwithtestng" name="registration" time="2.535"/>
  <system-out/>
</testsuite> <!-- datadriven.datadrivenwithtestng -->
