<?xml version="1.0" encoding="UTF-8"?>
<!-- Generated by org.testng.reporters.JUnitReportReporter -->
<testsuite hostname="DESKTOP-1P62PCE" failures="0" tests="1" name="testngdemo1" time="3.428" errors="0" timestamp="2022-01-10T19:34:34 IST" skipped="0">
  <testcase classname="testngdemo1" name="draganddrop" time="3.428"/>
  <system-out/>
</testsuite> <!-- testngdemo1 -->
