<?xml version="1.0" encoding="UTF-8"?>
<!-- Generated by org.testng.reporters.JUnitReportReporter -->
<testsuite hostname="DESKTOP-1P62PCE" failures="0" tests="1" name="aleryhandling" time="0.370" errors="0" timestamp="2022-01-06T17:05:18 IST" skipped="0">
  <testcase classname="aleryhandling" name="alerthandling1" time="0.370"/>
  <system-out/>
</testsuite> <!-- aleryhandling -->
