<?xml version="1.0" encoding="UTF-8"?>
<!-- Generated by org.testng.reporters.JUnitReportReporter -->
<testsuite hostname="DESKTOP-1P62PCE" failures="0" tests="1" name="pagescroll" time="6.859" errors="0" timestamp="2022-01-10T20:01:46 IST" skipped="0">
  <testcase classname="pagescroll" name="scrollbasedonpixel" time="6.859"/>
  <system-out/>
</testsuite> <!-- pagescroll -->
